<?xml version="1.0" encoding="UTF-8"?>
<testng-results ignored="0" total="1" passed="1" failed="0" skipped="0">
  <reporter-output>
  </reporter-output>
  <suite started-at="2023-01-02T20:29:56 IST" name="Default suite" finished-at="2023-01-02T20:30:58 IST" duration-ms="61904">
    <groups>
    </groups>
    <test started-at="2023-01-02T20:29:56 IST" name="Default test" finished-at="2023-01-02T20:30:58 IST" duration-ms="61904">
      <class name="TestCases.Scenario2">
        <test-method signature="TestScenario02()[pri:0, instance:TestCases.Scenario2@223191a6]" started-at="2023-01-02T20:29:56 IST" name="TestScenario02" finished-at="2023-01-02T20:30:58 IST" duration-ms="61866" status="PASS">
          <reporter-output>
          </reporter-output>
        </test-method> <!-- TestScenario02 -->
      </class> <!-- TestCases.Scenario2 -->
    </test> <!-- Default test -->
  </suite> <!-- Default suite -->
</testng-results>
